0    [JavaFX Application Thread] INFO  controller.workload.generator.WorkloadGenerator  - Start workload generator.
71   [JavaFX Application Thread] INFO  controller.workload.generator.WorkloadGenerator  - Generating workload.
71   [JavaFX Application Thread] INFO  controller.workload.generator.impl.QcgJobGenerator  - Generate workload - start
87   [JavaFX Application Thread] DEBUG org.castor.core.util.AbstractProperties  - Properties loaded from classpath: /org/castor/core/castor.core.properties
88   [JavaFX Application Thread] DEBUG org.castor.core.util.AbstractProperties  - Properties loaded from classpath: /org/castor/xml/castor.xml.properties
89   [JavaFX Application Thread] DEBUG org.castor.core.util.AbstractProperties  - Properties loaded from classpath: /castor.properties
93   [JavaFX Application Thread] DEBUG org.exolab.castor.xml.util.XMLClassDescriptorResolverImpl$DescriptorCacheImpl  - New instance!
103  [JavaFX Application Thread] DEBUG org.exolab.castor.xml.XMLContext  - Creating new Unmarshaller instance.
103  [JavaFX Application Thread] DEBUG org.exolab.castor.xml.Unmarshaller  - *static* unmarshal method called, this will ignore any mapping files or changes made to an Unmarshaller instance.
195  [JavaFX Application Thread] DEBUG org.exolab.castor.xml.util.XMLParserUtils  - Successfully instantiated a JAXP SAXParser instance.
221  [JavaFX Application Thread] DEBUG org.exolab.castor.xml.UnmarshalHandler  - #startElement: tns:WorkloadConfiguration
227  [JavaFX Application Thread] DEBUG org.exolab.castor.xml.util.XMLClassDescriptorResolverImpl$DescriptorCacheImpl  - Get descriptor for: simulator.workload.generator.configuration.WorkloadConfiguration found: null
227  [JavaFX Application Thread] DEBUG org.exolab.castor.xml.util.XMLClassDescriptorResolverImpl$DescriptorCacheImpl  - Get descriptor for: simulator.workload.generator.configuration.WorkloadConfiguration found: null
227  [JavaFX Application Thread] DEBUG org.exolab.castor.xml.util.resolvers.CastorXMLStrategy  - Setting property: org.exolab.castor.xml.util.ResolverStrategy.LoadPackageMappings to value: true
227  [JavaFX Application Thread] DEBUG org.exolab.castor.xml.util.resolvers.CastorXMLStrategy  - Setting property: org.exolab.castor.xml.util.ResolverStrategy.useIntrospection to value: true
227  [JavaFX Application Thread] DEBUG org.exolab.castor.xml.util.resolvers.CastorXMLStrategy  - Setting property: org.exolab.castor.xml.util.ResolverStrategy.MappingLoader to value: null
227  [JavaFX Application Thread] DEBUG org.exolab.castor.xml.util.resolvers.CastorXMLStrategy  - Setting property: org.exolab.castor.xml.util.ResolverStrategy.Introspector to value: org.exolab.castor.xml.Introspector@1d03a97c
227  [JavaFX Application Thread] DEBUG org.exolab.castor.xml.util.resolvers.CastorXMLStrategy  - Setting property: org.exolab.castor.xml.util.ResolverStrategy.ClassLoader to value: sun.misc.Launcher$AppClassLoader@18b4aac2
227  [JavaFX Application Thread] DEBUG org.exolab.castor.xml.util.resolvers.CastorXMLStrategy  - Setting property: org.exolab.castor.xml.util.ResolverStrategy.LoadPackageMappings to value: true
227  [JavaFX Application Thread] DEBUG org.exolab.castor.xml.util.resolvers.CastorXMLStrategy  - Setting property: org.exolab.castor.xml.util.ResolverStrategy.useIntrospection to value: true
227  [JavaFX Application Thread] DEBUG org.exolab.castor.xml.util.resolvers.CastorXMLStrategy  - Setting property: org.exolab.castor.xml.util.ResolverStrategy.MappingLoader to value: null
227  [JavaFX Application Thread] DEBUG org.exolab.castor.xml.util.resolvers.CastorXMLStrategy  - Setting property: org.exolab.castor.xml.util.ResolverStrategy.Introspector to value: org.exolab.castor.xml.Introspector@1d03a97c
229  [JavaFX Application Thread] DEBUG org.exolab.castor.xml.util.XMLClassDescriptorResolverImpl$DescriptorCacheImpl  - Get descriptor for: simulator.workload.generator.configuration.WorkloadConfiguration found: null
230  [JavaFX Application Thread] DEBUG org.exolab.castor.xml.util.resolvers.AbstractResolverClassCommand  - Now in method: org.exolab.castor.xml.util.resolvers.ByMappingLoader resolving: simulator.workload.generator.configuration.WorkloadConfiguration
230  [JavaFX Application Thread] DEBUG org.exolab.castor.xml.util.resolvers.ByMappingLoader  - No mapping loader specified
230  [JavaFX Application Thread] DEBUG org.exolab.castor.xml.util.XMLClassDescriptorResolverImpl$DescriptorCacheImpl  - Called addAllDescriptors with null or empty descriptor map
230  [JavaFX Application Thread] DEBUG org.exolab.castor.xml.util.XMLClassDescriptorResolverImpl$DescriptorCacheImpl  - Get descriptor for: simulator.workload.generator.configuration.WorkloadConfiguration found: null
231  [JavaFX Application Thread] DEBUG org.exolab.castor.xml.util.resolvers.AbstractResolverPackageCommand  - Now in resolve method: org.exolab.castor.xml.util.resolvers.ByCDR resolving: simulator.workload.generator.configuration
231  [JavaFX Application Thread] DEBUG org.exolab.castor.xml.util.XMLClassDescriptorResolverImpl$DescriptorCacheImpl  - Called addAllDescriptors with null or empty descriptor map
232  [JavaFX Application Thread] DEBUG org.exolab.castor.xml.util.resolvers.AbstractResolverPackageCommand  - Now in resolve method: org.exolab.castor.xml.util.resolvers.ByPackageMapping resolving: simulator.workload.generator.configuration
232  [JavaFX Application Thread] DEBUG org.exolab.castor.xml.util.XMLClassDescriptorResolverImpl$DescriptorCacheImpl  - Called addAllDescriptors with null or empty descriptor map
232  [JavaFX Application Thread] DEBUG org.exolab.castor.xml.util.XMLClassDescriptorResolverImpl$DescriptorCacheImpl  - Get descriptor for: simulator.workload.generator.configuration.WorkloadConfiguration found: null
233  [JavaFX Application Thread] DEBUG org.exolab.castor.xml.util.resolvers.AbstractResolverClassCommand  - Now in method: org.exolab.castor.xml.util.resolvers.ByDescriptorClass resolving: simulator.workload.generator.configuration.WorkloadConfiguration
233  [JavaFX Application Thread] DEBUG org.exolab.castor.xml.util.resolvers.ResolveHelpers  - Ignored problem at loading class: simulator.workload.generator.configuration.WorkloadConfigurationDescriptor through class loader: sun.misc.Launcher$AppClassLoader@18b4aac2, exception: java.lang.ClassNotFoundException: simulator.workload.generator.configuration.WorkloadConfigurationDescriptor
234  [JavaFX Application Thread] DEBUG org.exolab.castor.xml.util.resolvers.ByDescriptorClass  - Found descriptor: class simulator.workload.generator.configuration.descriptors.WorkloadConfigurationDescriptor
256  [JavaFX Application Thread] DEBUG org.exolab.castor.xml.util.XMLClassDescriptorResolverImpl$DescriptorCacheImpl  - Adding descriptor class for: simulator.workload.generator.configuration.WorkloadConfiguration descriptor: simulator.workload.generator.configuration.descriptors.WorkloadConfigurationDescriptor@26cca97a; descriptor for class: [null]; xml name: null
256  [JavaFX Application Thread] DEBUG org.exolab.castor.xml.util.XMLClassDescriptorResolverImpl$DescriptorCacheImpl  - Get descriptor for: simulator.workload.generator.configuration.WorkloadConfiguration found: simulator.workload.generator.configuration.descriptors.WorkloadConfigurationDescriptor@26cca97a; descriptor for class: [null]; xml name: null
258  [JavaFX Application Thread] DEBUG org.exolab.castor.xml.CharactersProcessor  - #characters: 
 
258  [JavaFX Application Thread] DEBUG org.exolab.castor.xml.CharactersProcessor  - #characters: 
  	
258  [JavaFX Application Thread] DEBUG org.exolab.castor.xml.UnmarshalHandler  - #startElement: SimulationStartTime
258  [JavaFX Application Thread] DEBUG org.exolab.castor.xml.util.XMLClassDescriptorResolverImpl$DescriptorCacheImpl  - Get descriptor for: java.util.Date found: null
259  [JavaFX Application Thread] DEBUG org.exolab.castor.xml.util.XMLClassDescriptorResolverImpl$DescriptorCacheImpl  - Get descriptor for: java.util.Date found: null
259  [JavaFX Application Thread] DEBUG org.exolab.castor.xml.util.resolvers.CastorXMLStrategy  - Setting property: org.exolab.castor.xml.util.ResolverStrategy.LoadPackageMappings to value: true
259  [JavaFX Application Thread] DEBUG org.exolab.castor.xml.util.resolvers.CastorXMLStrategy  - Setting property: org.exolab.castor.xml.util.ResolverStrategy.useIntrospection to value: true
259  [JavaFX Application Thread] DEBUG org.exolab.castor.xml.util.resolvers.CastorXMLStrategy  - Setting property: org.exolab.castor.xml.util.ResolverStrategy.MappingLoader to value: null
259  [JavaFX Application Thread] DEBUG org.exolab.castor.xml.util.resolvers.CastorXMLStrategy  - Setting property: org.exolab.castor.xml.util.ResolverStrategy.Introspector to value: org.exolab.castor.xml.Introspector@1d03a97c
259  [JavaFX Application Thread] DEBUG org.exolab.castor.xml.util.resolvers.CastorXMLStrategy  - Setting property: org.exolab.castor.xml.util.ResolverStrategy.ClassLoader to value: sun.misc.Launcher$AppClassLoader@18b4aac2
259  [JavaFX Application Thread] DEBUG org.exolab.castor.xml.util.resolvers.CastorXMLStrategy  - Setting property: org.exolab.castor.xml.util.ResolverStrategy.LoadPackageMappings to value: true
259  [JavaFX Application Thread] DEBUG org.exolab.castor.xml.util.resolvers.CastorXMLStrategy  - Setting property: org.exolab.castor.xml.util.ResolverStrategy.useIntrospection to value: true
259  [JavaFX Application Thread] DEBUG org.exolab.castor.xml.util.resolvers.CastorXMLStrategy  - Setting property: org.exolab.castor.xml.util.ResolverStrategy.MappingLoader to value: null
259  [JavaFX Application Thread] DEBUG org.exolab.castor.xml.util.resolvers.CastorXMLStrategy  - Setting property: org.exolab.castor.xml.util.ResolverStrategy.Introspector to value: org.exolab.castor.xml.Introspector@1d03a97c
259  [JavaFX Application Thread] DEBUG org.exolab.castor.xml.util.XMLClassDescriptorResolverImpl$DescriptorCacheImpl  - Get descriptor for: java.util.Date found: null
259  [JavaFX Application Thread] DEBUG org.exolab.castor.xml.util.resolvers.AbstractResolverClassCommand  - Now in method: org.exolab.castor.xml.util.resolvers.ByMappingLoader resolving: java.util.Date
259  [JavaFX Application Thread] DEBUG org.exolab.castor.xml.util.resolvers.ByMappingLoader  - No mapping loader specified
259  [JavaFX Application Thread] DEBUG org.exolab.castor.xml.util.XMLClassDescriptorResolverImpl$DescriptorCacheImpl  - Called addAllDescriptors with null or empty descriptor map
259  [JavaFX Application Thread] DEBUG org.exolab.castor.xml.util.XMLClassDescriptorResolverImpl$DescriptorCacheImpl  - Get descriptor for: java.util.Date found: null
259  [JavaFX Application Thread] DEBUG org.exolab.castor.xml.util.resolvers.AbstractResolverPackageCommand  - Now in resolve method: org.exolab.castor.xml.util.resolvers.ByCDR resolving: java.util
259  [JavaFX Application Thread] DEBUG org.exolab.castor.xml.util.XMLClassDescriptorResolverImpl$DescriptorCacheImpl  - Called addAllDescriptors with null or empty descriptor map
259  [JavaFX Application Thread] DEBUG org.exolab.castor.xml.util.resolvers.AbstractResolverPackageCommand  - Now in resolve method: org.exolab.castor.xml.util.resolvers.ByPackageMapping resolving: java.util
259  [JavaFX Application Thread] DEBUG org.exolab.castor.xml.util.XMLClassDescriptorResolverImpl$DescriptorCacheImpl  - Called addAllDescriptors with null or empty descriptor map
259  [JavaFX Application Thread] DEBUG org.exolab.castor.xml.util.XMLClassDescriptorResolverImpl$DescriptorCacheImpl  - Get descriptor for: java.util.Date found: null
259  [JavaFX Application Thread] DEBUG org.exolab.castor.xml.util.resolvers.AbstractResolverClassCommand  - Now in method: org.exolab.castor.xml.util.resolvers.ByDescriptorClass resolving: java.util.Date
260  [JavaFX Application Thread] DEBUG org.exolab.castor.xml.util.resolvers.ResolveHelpers  - Ignored problem at loading class: java.util.DateDescriptor through class loader: sun.misc.Launcher$AppClassLoader@18b4aac2, exception: java.lang.ClassNotFoundException: java.util.DateDescriptor
260  [JavaFX Application Thread] DEBUG org.exolab.castor.xml.util.resolvers.ResolveHelpers  - Ignored problem at loading class: java.util.descriptors.DateDescriptor through class loader: sun.misc.Launcher$AppClassLoader@18b4aac2, exception: java.lang.ClassNotFoundException: java.util.descriptors.DateDescriptor
260  [JavaFX Application Thread] DEBUG org.exolab.castor.xml.util.XMLClassDescriptorResolverImpl$DescriptorCacheImpl  - Called addAllDescriptors with null or empty descriptor map
260  [JavaFX Application Thread] DEBUG org.exolab.castor.xml.util.XMLClassDescriptorResolverImpl$DescriptorCacheImpl  - Get descriptor for: java.util.Date found: null
261  [JavaFX Application Thread] DEBUG org.exolab.castor.xml.util.resolvers.AbstractResolverClassCommand  - Now in method: org.exolab.castor.xml.util.resolvers.ByIntrospection resolving: java.util.Date
268  [JavaFX Application Thread] DEBUG org.exolab.castor.xml.util.resolvers.ByIntrospection  - Found descriptor: org.exolab.castor.xml.descriptors.DateClassDescriptor@5976e034; descriptor for class: Date; xml name: date
268  [JavaFX Application Thread] DEBUG org.exolab.castor.xml.util.XMLClassDescriptorResolverImpl$DescriptorCacheImpl  - Adding descriptor class for: java.util.Date descriptor: org.exolab.castor.xml.descriptors.DateClassDescriptor@5976e034; descriptor for class: Date; xml name: date
268  [JavaFX Application Thread] DEBUG org.exolab.castor.xml.util.XMLClassDescriptorResolverImpl$DescriptorCacheImpl  - Get descriptor for: java.util.Date found: org.exolab.castor.xml.descriptors.DateClassDescriptor@5976e034; descriptor for class: Date; xml name: date
268  [JavaFX Application Thread] DEBUG org.exolab.castor.xml.CharactersProcessor  - #characters: 2009-01-15T10:00:00
269  [JavaFX Application Thread] DEBUG org.exolab.castor.xml.EndElementProcessor  - #endElement: SimulationStartTime
282  [JavaFX Application Thread] DEBUG org.exolab.castor.xml.CharactersProcessor  - #characters: 
 
282  [JavaFX Application Thread] DEBUG org.exolab.castor.xml.CharactersProcessor  - #characters: 
	
282  [JavaFX Application Thread] DEBUG org.exolab.castor.xml.UnmarshalHandler  - #startElement: JobCount
282  [JavaFX Application Thread] DEBUG org.exolab.castor.xml.StartElementProcessor  - #container: _workloadConfigurationChoice
282  [JavaFX Application Thread] DEBUG org.exolab.castor.xml.util.XMLClassDescriptorResolverImpl$DescriptorCacheImpl  - Get descriptor for: simulator.workload.generator.configuration.JobCount found: null
282  [JavaFX Application Thread] DEBUG org.exolab.castor.xml.util.XMLClassDescriptorResolverImpl$DescriptorCacheImpl  - Get descriptor for: simulator.workload.generator.configuration.JobCount found: null
283  [JavaFX Application Thread] DEBUG org.exolab.castor.xml.util.resolvers.CastorXMLStrategy  - Setting property: org.exolab.castor.xml.util.ResolverStrategy.LoadPackageMappings to value: true
283  [JavaFX Application Thread] DEBUG org.exolab.castor.xml.util.resolvers.CastorXMLStrategy  - Setting property: org.exolab.castor.xml.util.ResolverStrategy.useIntrospection to value: true
283  [JavaFX Application Thread] DEBUG org.exolab.castor.xml.util.resolvers.CastorXMLStrategy  - Setting property: org.exolab.castor.xml.util.ResolverStrategy.MappingLoader to value: null
283  [JavaFX Application Thread] DEBUG org.exolab.castor.xml.util.resolvers.CastorXMLStrategy  - Setting property: org.exolab.castor.xml.util.ResolverStrategy.Introspector to value: org.exolab.castor.xml.Introspector@1d03a97c
283  [JavaFX Application Thread] DEBUG org.exolab.castor.xml.util.resolvers.CastorXMLStrategy  - Setting property: org.exolab.castor.xml.util.ResolverStrategy.ClassLoader to value: sun.misc.Launcher$AppClassLoader@18b4aac2
283  [JavaFX Application Thread] DEBUG org.exolab.castor.xml.util.resolvers.CastorXMLStrategy  - Setting property: org.exolab.castor.xml.util.ResolverStrategy.LoadPackageMappings to value: true
283  [JavaFX Application Thread] DEBUG org.exolab.castor.xml.util.resolvers.CastorXMLStrategy  - Setting property: org.exolab.castor.xml.util.ResolverStrategy.useIntrospection to value: true
283  [JavaFX Application Thread] DEBUG org.exolab.castor.xml.util.resolvers.CastorXMLStrategy  - Setting property: org.exolab.castor.xml.util.ResolverStrategy.MappingLoader to value: null
283  [JavaFX Application Thread] DEBUG org.exolab.castor.xml.util.resolvers.CastorXMLStrategy  - Setting property: org.exolab.castor.xml.util.ResolverStrategy.Introspector to value: org.exolab.castor.xml.Introspector@1d03a97c
283  [JavaFX Application Thread] DEBUG org.exolab.castor.xml.util.XMLClassDescriptorResolverImpl$DescriptorCacheImpl  - Get descriptor for: simulator.workload.generator.configuration.JobCount found: null
283  [JavaFX Application Thread] DEBUG org.exolab.castor.xml.util.resolvers.AbstractResolverClassCommand  - Now in method: org.exolab.castor.xml.util.resolvers.ByMappingLoader resolving: simulator.workload.generator.configuration.JobCount
283  [JavaFX Application Thread] DEBUG org.exolab.castor.xml.util.resolvers.ByMappingLoader  - No mapping loader specified
283  [JavaFX Application Thread] DEBUG org.exolab.castor.xml.util.XMLClassDescriptorResolverImpl$DescriptorCacheImpl  - Called addAllDescriptors with null or empty descriptor map
283  [JavaFX Application Thread] DEBUG org.exolab.castor.xml.util.XMLClassDescriptorResolverImpl$DescriptorCacheImpl  - Get descriptor for: simulator.workload.generator.configuration.JobCount found: null
283  [JavaFX Application Thread] DEBUG org.exolab.castor.xml.util.resolvers.AbstractResolverPackageCommand  - Now in resolve method: org.exolab.castor.xml.util.resolvers.ByCDR resolving: simulator.workload.generator.configuration
283  [JavaFX Application Thread] DEBUG org.exolab.castor.xml.util.XMLClassDescriptorResolverImpl$DescriptorCacheImpl  - Called addAllDescriptors with null or empty descriptor map
283  [JavaFX Application Thread] DEBUG org.exolab.castor.xml.util.resolvers.AbstractResolverPackageCommand  - Now in resolve method: org.exolab.castor.xml.util.resolvers.ByPackageMapping resolving: simulator.workload.generator.configuration
283  [JavaFX Application Thread] DEBUG org.exolab.castor.xml.util.XMLClassDescriptorResolverImpl$DescriptorCacheImpl  - Called addAllDescriptors with null or empty descriptor map
283  [JavaFX Application Thread] DEBUG org.exolab.castor.xml.util.XMLClassDescriptorResolverImpl$DescriptorCacheImpl  - Get descriptor for: simulator.workload.generator.configuration.JobCount found: null
283  [JavaFX Application Thread] DEBUG org.exolab.castor.xml.util.resolvers.AbstractResolverClassCommand  - Now in method: org.exolab.castor.xml.util.resolvers.ByDescriptorClass resolving: simulator.workload.generator.configuration.JobCount
284  [JavaFX Application Thread] DEBUG org.exolab.castor.xml.util.resolvers.ResolveHelpers  - Ignored problem at loading class: simulator.workload.generator.configuration.JobCountDescriptor through class loader: sun.misc.Launcher$AppClassLoader@18b4aac2, exception: java.lang.ClassNotFoundException: simulator.workload.generator.configuration.JobCountDescriptor
285  [JavaFX Application Thread] DEBUG org.exolab.castor.xml.util.resolvers.ByDescriptorClass  - Found descriptor: class simulator.workload.generator.configuration.descriptors.JobCountDescriptor
295  [JavaFX Application Thread] DEBUG org.exolab.castor.xml.util.XMLClassDescriptorResolverImpl$DescriptorCacheImpl  - Adding descriptor class for: simulator.workload.generator.configuration.JobCount descriptor: simulator.workload.generator.configuration.descriptors.JobCountDescriptor@6ac93471; descriptor for class: [null]; xml name: null
295  [JavaFX Application Thread] DEBUG org.exolab.castor.xml.util.XMLClassDescriptorResolverImpl$DescriptorCacheImpl  - Get descriptor for: simulator.workload.generator.configuration.JobCount found: simulator.workload.generator.configuration.descriptors.JobCountDescriptor@6ac93471; descriptor for class: [null]; xml name: null
296  [JavaFX Application Thread] DEBUG org.exolab.castor.xml.EndElementProcessor  - #endElement: JobCount
296  [JavaFX Application Thread] DEBUG org.exolab.castor.xml.EndElementProcessor  - #endElement: _workloadConfigurationChoice
296  [JavaFX Application Thread] DEBUG org.exolab.castor.xml.CharactersProcessor  - #characters: 
 
296  [JavaFX Application Thread] DEBUG org.exolab.castor.xml.CharactersProcessor  - #characters: 
	
296  [JavaFX Application Thread] DEBUG org.exolab.castor.xml.UnmarshalHandler  - #startElement: TaskCount
296  [JavaFX Application Thread] DEBUG org.exolab.castor.xml.util.XMLClassDescriptorResolverImpl$DescriptorCacheImpl  - Get descriptor for: simulator.workload.generator.configuration.TaskCount found: null
296  [JavaFX Application Thread] DEBUG org.exolab.castor.xml.util.XMLClassDescriptorResolverImpl$DescriptorCacheImpl  - Get descriptor for: simulator.workload.generator.configuration.TaskCount found: null
296  [JavaFX Application Thread] DEBUG org.exolab.castor.xml.util.resolvers.CastorXMLStrategy  - Setting property: org.exolab.castor.xml.util.ResolverStrategy.LoadPackageMappings to value: true
297  [JavaFX Application Thread] DEBUG org.exolab.castor.xml.util.resolvers.CastorXMLStrategy  - Setting property: org.exolab.castor.xml.util.ResolverStrategy.useIntrospection to value: true
297  [JavaFX Application Thread] DEBUG org.exolab.castor.xml.util.resolvers.CastorXMLStrategy  - Setting property: org.exolab.castor.xml.util.ResolverStrategy.MappingLoader to value: null
297  [JavaFX Application Thread] DEBUG org.exolab.castor.xml.util.resolvers.CastorXMLStrategy  - Setting property: org.exolab.castor.xml.util.ResolverStrategy.Introspector to value: org.exolab.castor.xml.Introspector@1d03a97c
297  [JavaFX Application Thread] DEBUG org.exolab.castor.xml.util.resolvers.CastorXMLStrategy  - Setting property: org.exolab.castor.xml.util.ResolverStrategy.ClassLoader to value: sun.misc.Launcher$AppClassLoader@18b4aac2
297  [JavaFX Application Thread] DEBUG org.exolab.castor.xml.util.resolvers.CastorXMLStrategy  - Setting property: org.exolab.castor.xml.util.ResolverStrategy.LoadPackageMappings to value: true
297  [JavaFX Application Thread] DEBUG org.exolab.castor.xml.util.resolvers.CastorXMLStrategy  - Setting property: org.exolab.castor.xml.util.ResolverStrategy.useIntrospection to value: true
297  [JavaFX Application Thread] DEBUG org.exolab.castor.xml.util.resolvers.CastorXMLStrategy  - Setting property: org.exolab.castor.xml.util.ResolverStrategy.MappingLoader to value: null
297  [JavaFX Application Thread] DEBUG org.exolab.castor.xml.util.resolvers.CastorXMLStrategy  - Setting property: org.exolab.castor.xml.util.ResolverStrategy.Introspector to value: org.exolab.castor.xml.Introspector@1d03a97c
297  [JavaFX Application Thread] DEBUG org.exolab.castor.xml.util.XMLClassDescriptorResolverImpl$DescriptorCacheImpl  - Get descriptor for: simulator.workload.generator.configuration.TaskCount found: null
297  [JavaFX Application Thread] DEBUG org.exolab.castor.xml.util.resolvers.AbstractResolverClassCommand  - Now in method: org.exolab.castor.xml.util.resolvers.ByMappingLoader resolving: simulator.workload.generator.configuration.TaskCount
297  [JavaFX Application Thread] DEBUG org.exolab.castor.xml.util.resolvers.ByMappingLoader  - No mapping loader specified
297  [JavaFX Application Thread] DEBUG org.exolab.castor.xml.util.XMLClassDescriptorResolverImpl$DescriptorCacheImpl  - Called addAllDescriptors with null or empty descriptor map
297  [JavaFX Application Thread] DEBUG org.exolab.castor.xml.util.XMLClassDescriptorResolverImpl$DescriptorCacheImpl  - Get descriptor for: simulator.workload.generator.configuration.TaskCount found: null
297  [JavaFX Application Thread] DEBUG org.exolab.castor.xml.util.resolvers.AbstractResolverPackageCommand  - Now in resolve method: org.exolab.castor.xml.util.resolvers.ByCDR resolving: simulator.workload.generator.configuration
297  [JavaFX Application Thread] DEBUG org.exolab.castor.xml.util.XMLClassDescriptorResolverImpl$DescriptorCacheImpl  - Called addAllDescriptors with null or empty descriptor map
297  [JavaFX Application Thread] DEBUG org.exolab.castor.xml.util.resolvers.AbstractResolverPackageCommand  - Now in resolve method: org.exolab.castor.xml.util.resolvers.ByPackageMapping resolving: simulator.workload.generator.configuration
297  [JavaFX Application Thread] DEBUG org.exolab.castor.xml.util.XMLClassDescriptorResolverImpl$DescriptorCacheImpl  - Called addAllDescriptors with null or empty descriptor map
297  [JavaFX Application Thread] DEBUG org.exolab.castor.xml.util.XMLClassDescriptorResolverImpl$DescriptorCacheImpl  - Get descriptor for: simulator.workload.generator.configuration.TaskCount found: null
297  [JavaFX Application Thread] DEBUG org.exolab.castor.xml.util.resolvers.AbstractResolverClassCommand  - Now in method: org.exolab.castor.xml.util.resolvers.ByDescriptorClass resolving: simulator.workload.generator.configuration.TaskCount
297  [JavaFX Application Thread] DEBUG org.exolab.castor.xml.util.resolvers.ResolveHelpers  - Ignored problem at loading class: simulator.workload.generator.configuration.TaskCountDescriptor through class loader: sun.misc.Launcher$AppClassLoader@18b4aac2, exception: java.lang.ClassNotFoundException: simulator.workload.generator.configuration.TaskCountDescriptor
298  [JavaFX Application Thread] DEBUG org.exolab.castor.xml.util.resolvers.ByDescriptorClass  - Found descriptor: class simulator.workload.generator.configuration.descriptors.TaskCountDescriptor
298  [JavaFX Application Thread] DEBUG org.exolab.castor.xml.util.XMLClassDescriptorResolverImpl$DescriptorCacheImpl  - Adding descriptor class for: simulator.workload.generator.configuration.TaskCount descriptor: simulator.workload.generator.configuration.descriptors.TaskCountDescriptor@2ad02b8; descriptor for class: [null]; xml name: null
298  [JavaFX Application Thread] DEBUG org.exolab.castor.xml.util.XMLClassDescriptorResolverImpl$DescriptorCacheImpl  - Get descriptor for: simulator.workload.generator.configuration.TaskCount found: simulator.workload.generator.configuration.descriptors.TaskCountDescriptor@2ad02b8; descriptor for class: [null]; xml name: null
298  [JavaFX Application Thread] DEBUG org.exolab.castor.xml.EndElementProcessor  - #endElement: TaskCount
298  [JavaFX Application Thread] DEBUG org.exolab.castor.xml.CharactersProcessor  - #characters: 
	
298  [JavaFX Application Thread] DEBUG org.exolab.castor.xml.CharactersProcessor  - #characters: 
	
298  [JavaFX Application Thread] DEBUG org.exolab.castor.xml.UnmarshalHandler  - #startElement: JobPackageLength
298  [JavaFX Application Thread] DEBUG org.exolab.castor.xml.util.XMLClassDescriptorResolverImpl$DescriptorCacheImpl  - Get descriptor for: simulator.workload.generator.configuration.JobPackageLength found: null
298  [JavaFX Application Thread] DEBUG org.exolab.castor.xml.util.XMLClassDescriptorResolverImpl$DescriptorCacheImpl  - Get descriptor for: simulator.workload.generator.configuration.JobPackageLength found: null
298  [JavaFX Application Thread] DEBUG org.exolab.castor.xml.util.resolvers.CastorXMLStrategy  - Setting property: org.exolab.castor.xml.util.ResolverStrategy.LoadPackageMappings to value: true
298  [JavaFX Application Thread] DEBUG org.exolab.castor.xml.util.resolvers.CastorXMLStrategy  - Setting property: org.exolab.castor.xml.util.ResolverStrategy.useIntrospection to value: true
298  [JavaFX Application Thread] DEBUG org.exolab.castor.xml.util.resolvers.CastorXMLStrategy  - Setting property: org.exolab.castor.xml.util.ResolverStrategy.MappingLoader to value: null
298  [JavaFX Application Thread] DEBUG org.exolab.castor.xml.util.resolvers.CastorXMLStrategy  - Setting property: org.exolab.castor.xml.util.ResolverStrategy.Introspector to value: org.exolab.castor.xml.Introspector@1d03a97c
298  [JavaFX Application Thread] DEBUG org.exolab.castor.xml.util.resolvers.CastorXMLStrategy  - Setting property: org.exolab.castor.xml.util.ResolverStrategy.ClassLoader to value: sun.misc.Launcher$AppClassLoader@18b4aac2
298  [JavaFX Application Thread] DEBUG org.exolab.castor.xml.util.resolvers.CastorXMLStrategy  - Setting property: org.exolab.castor.xml.util.ResolverStrategy.LoadPackageMappings to value: true
299  [JavaFX Application Thread] DEBUG org.exolab.castor.xml.util.resolvers.CastorXMLStrategy  - Setting property: org.exolab.castor.xml.util.ResolverStrategy.useIntrospection to value: true
299  [JavaFX Application Thread] DEBUG org.exolab.castor.xml.util.resolvers.CastorXMLStrategy  - Setting property: org.exolab.castor.xml.util.ResolverStrategy.MappingLoader to value: null
299  [JavaFX Application Thread] DEBUG org.exolab.castor.xml.util.resolvers.CastorXMLStrategy  - Setting property: org.exolab.castor.xml.util.ResolverStrategy.Introspector to value: org.exolab.castor.xml.Introspector@1d03a97c
299  [JavaFX Application Thread] DEBUG org.exolab.castor.xml.util.XMLClassDescriptorResolverImpl$DescriptorCacheImpl  - Get descriptor for: simulator.workload.generator.configuration.JobPackageLength found: null
299  [JavaFX Application Thread] DEBUG org.exolab.castor.xml.util.resolvers.AbstractResolverClassCommand  - Now in method: org.exolab.castor.xml.util.resolvers.ByMappingLoader resolving: simulator.workload.generator.configuration.JobPackageLength
299  [JavaFX Application Thread] DEBUG org.exolab.castor.xml.util.resolvers.ByMappingLoader  - No mapping loader specified
299  [JavaFX Application Thread] DEBUG org.exolab.castor.xml.util.XMLClassDescriptorResolverImpl$DescriptorCacheImpl  - Called addAllDescriptors with null or empty descriptor map
299  [JavaFX Application Thread] DEBUG org.exolab.castor.xml.util.XMLClassDescriptorResolverImpl$DescriptorCacheImpl  - Get descriptor for: simulator.workload.generator.configuration.JobPackageLength found: null
299  [JavaFX Application Thread] DEBUG org.exolab.castor.xml.util.resolvers.AbstractResolverPackageCommand  - Now in resolve method: org.exolab.castor.xml.util.resolvers.ByCDR resolving: simulator.workload.generator.configuration
299  [JavaFX Application Thread] DEBUG org.exolab.castor.xml.util.XMLClassDescriptorResolverImpl$DescriptorCacheImpl  - Called addAllDescriptors with null or empty descriptor map
299  [JavaFX Application Thread] DEBUG org.exolab.castor.xml.util.resolvers.AbstractResolverPackageCommand  - Now in resolve method: org.exolab.castor.xml.util.resolvers.ByPackageMapping resolving: simulator.workload.generator.configuration
299  [JavaFX Application Thread] DEBUG org.exolab.castor.xml.util.XMLClassDescriptorResolverImpl$DescriptorCacheImpl  - Called addAllDescriptors with null or empty descriptor map
299  [JavaFX Application Thread] DEBUG org.exolab.castor.xml.util.XMLClassDescriptorResolverImpl$DescriptorCacheImpl  - Get descriptor for: simulator.workload.generator.configuration.JobPackageLength found: null
299  [JavaFX Application Thread] DEBUG org.exolab.castor.xml.util.resolvers.AbstractResolverClassCommand  - Now in method: org.exolab.castor.xml.util.resolvers.ByDescriptorClass resolving: simulator.workload.generator.configuration.JobPackageLength
299  [JavaFX Application Thread] DEBUG org.exolab.castor.xml.util.resolvers.ResolveHelpers  - Ignored problem at loading class: simulator.workload.generator.configuration.JobPackageLengthDescriptor through class loader: sun.misc.Launcher$AppClassLoader@18b4aac2, exception: java.lang.ClassNotFoundException: simulator.workload.generator.configuration.JobPackageLengthDescriptor
300  [JavaFX Application Thread] DEBUG org.exolab.castor.xml.util.resolvers.ByDescriptorClass  - Found descriptor: class simulator.workload.generator.configuration.descriptors.JobPackageLengthDescriptor
300  [JavaFX Application Thread] DEBUG org.exolab.castor.xml.util.XMLClassDescriptorResolverImpl$DescriptorCacheImpl  - Adding descriptor class for: simulator.workload.generator.configuration.JobPackageLength descriptor: simulator.workload.generator.configuration.descriptors.JobPackageLengthDescriptor@63076945; descriptor for class: [null]; xml name: null
300  [JavaFX Application Thread] DEBUG org.exolab.castor.xml.util.XMLClassDescriptorResolverImpl$DescriptorCacheImpl  - Get descriptor for: simulator.workload.generator.configuration.JobPackageLength found: simulator.workload.generator.configuration.descriptors.JobPackageLengthDescriptor@63076945; descriptor for class: [null]; xml name: null
300  [JavaFX Application Thread] DEBUG org.exolab.castor.xml.EndElementProcessor  - #endElement: JobPackageLength
300  [JavaFX Application Thread] DEBUG org.exolab.castor.xml.CharactersProcessor  - #characters: 
	
300  [JavaFX Application Thread] DEBUG org.exolab.castor.xml.CharactersProcessor  - #characters: 
	
300  [JavaFX Application Thread] DEBUG org.exolab.castor.xml.UnmarshalHandler  - #startElement: JobInterval
300  [JavaFX Application Thread] DEBUG org.exolab.castor.xml.util.XMLClassDescriptorResolverImpl$DescriptorCacheImpl  - Get descriptor for: simulator.workload.generator.configuration.JobInterval found: null
300  [JavaFX Application Thread] DEBUG org.exolab.castor.xml.util.XMLClassDescriptorResolverImpl$DescriptorCacheImpl  - Get descriptor for: simulator.workload.generator.configuration.JobInterval found: null
300  [JavaFX Application Thread] DEBUG org.exolab.castor.xml.util.resolvers.CastorXMLStrategy  - Setting property: org.exolab.castor.xml.util.ResolverStrategy.LoadPackageMappings to value: true
300  [JavaFX Application Thread] DEBUG org.exolab.castor.xml.util.resolvers.CastorXMLStrategy  - Setting property: org.exolab.castor.xml.util.ResolverStrategy.useIntrospection to value: true
300  [JavaFX Application Thread] DEBUG org.exolab.castor.xml.util.resolvers.CastorXMLStrategy  - Setting property: org.exolab.castor.xml.util.ResolverStrategy.MappingLoader to value: null
301  [JavaFX Application Thread] DEBUG org.exolab.castor.xml.util.resolvers.CastorXMLStrategy  - Setting property: org.exolab.castor.xml.util.ResolverStrategy.Introspector to value: org.exolab.castor.xml.Introspector@1d03a97c
301  [JavaFX Application Thread] DEBUG org.exolab.castor.xml.util.resolvers.CastorXMLStrategy  - Setting property: org.exolab.castor.xml.util.ResolverStrategy.ClassLoader to value: sun.misc.Launcher$AppClassLoader@18b4aac2
301  [JavaFX Application Thread] DEBUG org.exolab.castor.xml.util.resolvers.CastorXMLStrategy  - Setting property: org.exolab.castor.xml.util.ResolverStrategy.LoadPackageMappings to value: true
301  [JavaFX Application Thread] DEBUG org.exolab.castor.xml.util.resolvers.CastorXMLStrategy  - Setting property: org.exolab.castor.xml.util.ResolverStrategy.useIntrospection to value: true
301  [JavaFX Application Thread] DEBUG org.exolab.castor.xml.util.resolvers.CastorXMLStrategy  - Setting property: org.exolab.castor.xml.util.ResolverStrategy.MappingLoader to value: null
301  [JavaFX Application Thread] DEBUG org.exolab.castor.xml.util.resolvers.CastorXMLStrategy  - Setting property: org.exolab.castor.xml.util.ResolverStrategy.Introspector to value: org.exolab.castor.xml.Introspector@1d03a97c
301  [JavaFX Application Thread] DEBUG org.exolab.castor.xml.util.XMLClassDescriptorResolverImpl$DescriptorCacheImpl  - Get descriptor for: simulator.workload.generator.configuration.JobInterval found: null
301  [JavaFX Application Thread] DEBUG org.exolab.castor.xml.util.resolvers.AbstractResolverClassCommand  - Now in method: org.exolab.castor.xml.util.resolvers.ByMappingLoader resolving: simulator.workload.generator.configuration.JobInterval
301  [JavaFX Application Thread] DEBUG org.exolab.castor.xml.util.resolvers.ByMappingLoader  - No mapping loader specified
301  [JavaFX Application Thread] DEBUG org.exolab.castor.xml.util.XMLClassDescriptorResolverImpl$DescriptorCacheImpl  - Called addAllDescriptors with null or empty descriptor map
301  [JavaFX Application Thread] DEBUG org.exolab.castor.xml.util.XMLClassDescriptorResolverImpl$DescriptorCacheImpl  - Get descriptor for: simulator.workload.generator.configuration.JobInterval found: null
301  [JavaFX Application Thread] DEBUG org.exolab.castor.xml.util.resolvers.AbstractResolverPackageCommand  - Now in resolve method: org.exolab.castor.xml.util.resolvers.ByCDR resolving: simulator.workload.generator.configuration
301  [JavaFX Application Thread] DEBUG org.exolab.castor.xml.util.XMLClassDescriptorResolverImpl$DescriptorCacheImpl  - Called addAllDescriptors with null or empty descriptor map
301  [JavaFX Application Thread] DEBUG org.exolab.castor.xml.util.resolvers.AbstractResolverPackageCommand  - Now in resolve method: org.exolab.castor.xml.util.resolvers.ByPackageMapping resolving: simulator.workload.generator.configuration
301  [JavaFX Application Thread] DEBUG org.exolab.castor.xml.util.XMLClassDescriptorResolverImpl$DescriptorCacheImpl  - Called addAllDescriptors with null or empty descriptor map
301  [JavaFX Application Thread] DEBUG org.exolab.castor.xml.util.XMLClassDescriptorResolverImpl$DescriptorCacheImpl  - Get descriptor for: simulator.workload.generator.configuration.JobInterval found: null
301  [JavaFX Application Thread] DEBUG org.exolab.castor.xml.util.resolvers.AbstractResolverClassCommand  - Now in method: org.exolab.castor.xml.util.resolvers.ByDescriptorClass resolving: simulator.workload.generator.configuration.JobInterval
301  [JavaFX Application Thread] DEBUG org.exolab.castor.xml.util.resolvers.ResolveHelpers  - Ignored problem at loading class: simulator.workload.generator.configuration.JobIntervalDescriptor through class loader: sun.misc.Launcher$AppClassLoader@18b4aac2, exception: java.lang.ClassNotFoundException: simulator.workload.generator.configuration.JobIntervalDescriptor
302  [JavaFX Application Thread] DEBUG org.exolab.castor.xml.util.resolvers.ByDescriptorClass  - Found descriptor: class simulator.workload.generator.configuration.descriptors.JobIntervalDescriptor
302  [JavaFX Application Thread] DEBUG org.exolab.castor.xml.util.XMLClassDescriptorResolverImpl$DescriptorCacheImpl  - Adding descriptor class for: simulator.workload.generator.configuration.JobInterval descriptor: simulator.workload.generator.configuration.descriptors.JobIntervalDescriptor@160496; descriptor for class: [null]; xml name: null
302  [JavaFX Application Thread] DEBUG org.exolab.castor.xml.util.XMLClassDescriptorResolverImpl$DescriptorCacheImpl  - Get descriptor for: simulator.workload.generator.configuration.JobInterval found: simulator.workload.generator.configuration.descriptors.JobIntervalDescriptor@160496; descriptor for class: [null]; xml name: null
302  [JavaFX Application Thread] DEBUG org.exolab.castor.xml.EndElementProcessor  - #endElement: JobInterval
302  [JavaFX Application Thread] DEBUG org.exolab.castor.xml.CharactersProcessor  - #characters: 
 
302  [JavaFX Application Thread] DEBUG org.exolab.castor.xml.CharactersProcessor  - #characters: 
 	
302  [JavaFX Application Thread] DEBUG org.exolab.castor.xml.UnmarshalHandler  - #startElement: TaskLength
303  [JavaFX Application Thread] DEBUG org.exolab.castor.xml.util.XMLClassDescriptorResolverImpl$DescriptorCacheImpl  - Get descriptor for: simulator.workload.generator.configuration.TaskLength found: null
303  [JavaFX Application Thread] DEBUG org.exolab.castor.xml.util.XMLClassDescriptorResolverImpl$DescriptorCacheImpl  - Get descriptor for: simulator.workload.generator.configuration.TaskLength found: null
303  [JavaFX Application Thread] DEBUG org.exolab.castor.xml.util.resolvers.CastorXMLStrategy  - Setting property: org.exolab.castor.xml.util.ResolverStrategy.LoadPackageMappings to value: true
303  [JavaFX Application Thread] DEBUG org.exolab.castor.xml.util.resolvers.CastorXMLStrategy  - Setting property: org.exolab.castor.xml.util.ResolverStrategy.useIntrospection to value: true
303  [JavaFX Application Thread] DEBUG org.exolab.castor.xml.util.resolvers.CastorXMLStrategy  - Setting property: org.exolab.castor.xml.util.ResolverStrategy.MappingLoader to value: null
303  [JavaFX Application Thread] DEBUG org.exolab.castor.xml.util.resolvers.CastorXMLStrategy  - Setting property: org.exolab.castor.xml.util.ResolverStrategy.Introspector to value: org.exolab.castor.xml.Introspector@1d03a97c
303  [JavaFX Application Thread] DEBUG org.exolab.castor.xml.util.resolvers.CastorXMLStrategy  - Setting property: org.exolab.castor.xml.util.ResolverStrategy.ClassLoader to value: sun.misc.Launcher$AppClassLoader@18b4aac2
303  [JavaFX Application Thread] DEBUG org.exolab.castor.xml.util.resolvers.CastorXMLStrategy  - Setting property: org.exolab.castor.xml.util.ResolverStrategy.LoadPackageMappings to value: true
303  [JavaFX Application Thread] DEBUG org.exolab.castor.xml.util.resolvers.CastorXMLStrategy  - Setting property: org.exolab.castor.xml.util.ResolverStrategy.useIntrospection to value: true
303  [JavaFX Application Thread] DEBUG org.exolab.castor.xml.util.resolvers.CastorXMLStrategy  - Setting property: org.exolab.castor.xml.util.ResolverStrategy.MappingLoader to value: null
303  [JavaFX Application Thread] DEBUG org.exolab.castor.xml.util.resolvers.CastorXMLStrategy  - Setting property: org.exolab.castor.xml.util.ResolverStrategy.Introspector to value: org.exolab.castor.xml.Introspector@1d03a97c
303  [JavaFX Application Thread] DEBUG org.exolab.castor.xml.util.XMLClassDescriptorResolverImpl$DescriptorCacheImpl  - Get descriptor for: simulator.workload.generator.configuration.TaskLength found: null
303  [JavaFX Application Thread] DEBUG org.exolab.castor.xml.util.resolvers.AbstractResolverClassCommand  - Now in method: org.exolab.castor.xml.util.resolvers.ByMappingLoader resolving: simulator.workload.generator.configuration.TaskLength
303  [JavaFX Application Thread] DEBUG org.exolab.castor.xml.util.resolvers.ByMappingLoader  - No mapping loader specified
303  [JavaFX Application Thread] DEBUG org.exolab.castor.xml.util.XMLClassDescriptorResolverImpl$DescriptorCacheImpl  - Called addAllDescriptors with null or empty descriptor map
303  [JavaFX Application Thread] DEBUG org.exolab.castor.xml.util.XMLClassDescriptorResolverImpl$DescriptorCacheImpl  - Get descriptor for: simulator.workload.generator.configuration.TaskLength found: null
303  [JavaFX Application Thread] DEBUG org.exolab.castor.xml.util.resolvers.AbstractResolverPackageCommand  - Now in resolve method: org.exolab.castor.xml.util.resolvers.ByCDR resolving: simulator.workload.generator.configuration
303  [JavaFX Application Thread] DEBUG org.exolab.castor.xml.util.XMLClassDescriptorResolverImpl$DescriptorCacheImpl  - Called addAllDescriptors with null or empty descriptor map
303  [JavaFX Application Thread] DEBUG org.exolab.castor.xml.util.resolvers.AbstractResolverPackageCommand  - Now in resolve method: org.exolab.castor.xml.util.resolvers.ByPackageMapping resolving: simulator.workload.generator.configuration
303  [JavaFX Application Thread] DEBUG org.exolab.castor.xml.util.XMLClassDescriptorResolverImpl$DescriptorCacheImpl  - Called addAllDescriptors with null or empty descriptor map
303  [JavaFX Application Thread] DEBUG org.exolab.castor.xml.util.XMLClassDescriptorResolverImpl$DescriptorCacheImpl  - Get descriptor for: simulator.workload.generator.configuration.TaskLength found: null
303  [JavaFX Application Thread] DEBUG org.exolab.castor.xml.util.resolvers.AbstractResolverClassCommand  - Now in method: org.exolab.castor.xml.util.resolvers.ByDescriptorClass resolving: simulator.workload.generator.configuration.TaskLength
303  [JavaFX Application Thread] DEBUG org.exolab.castor.xml.util.resolvers.ResolveHelpers  - Ignored problem at loading class: simulator.workload.generator.configuration.TaskLengthDescriptor through class loader: sun.misc.Launcher$AppClassLoader@18b4aac2, exception: java.lang.ClassNotFoundException: simulator.workload.generator.configuration.TaskLengthDescriptor
304  [JavaFX Application Thread] DEBUG org.exolab.castor.xml.util.resolvers.ByDescriptorClass  - Found descriptor: class simulator.workload.generator.configuration.descriptors.TaskLengthDescriptor
304  [JavaFX Application Thread] DEBUG org.exolab.castor.xml.util.XMLClassDescriptorResolverImpl$DescriptorCacheImpl  - Adding descriptor class for: simulator.workload.generator.configuration.TaskLength descriptor: simulator.workload.generator.configuration.descriptors.TaskLengthDescriptor@1b4772d3; descriptor for class: [null]; xml name: null
304  [JavaFX Application Thread] DEBUG org.exolab.castor.xml.util.XMLClassDescriptorResolverImpl$DescriptorCacheImpl  - Get descriptor for: simulator.workload.generator.configuration.TaskLength found: simulator.workload.generator.configuration.descriptors.TaskLengthDescriptor@1b4772d3; descriptor for class: [null]; xml name: null
304  [JavaFX Application Thread] DEBUG org.exolab.castor.xml.CharactersProcessor  - #characters:   		
304  [JavaFX Application Thread] DEBUG org.exolab.castor.xml.CharactersProcessor  - #characters: 
		
304  [JavaFX Application Thread] DEBUG org.exolab.castor.xml.UnmarshalHandler  - #startElement: PeriodicValidValues
304  [JavaFX Application Thread] DEBUG org.exolab.castor.xml.StartElementProcessor  - #container: _randParamsSequence
305  [JavaFX Application Thread] DEBUG org.exolab.castor.xml.util.XMLClassDescriptorResolverImpl$DescriptorCacheImpl  - Get descriptor for: simulator.workload.generator.configuration.PeriodicValidValues found: null
305  [JavaFX Application Thread] DEBUG org.exolab.castor.xml.util.XMLClassDescriptorResolverImpl$DescriptorCacheImpl  - Get descriptor for: simulator.workload.generator.configuration.PeriodicValidValues found: null
305  [JavaFX Application Thread] DEBUG org.exolab.castor.xml.util.resolvers.CastorXMLStrategy  - Setting property: org.exolab.castor.xml.util.ResolverStrategy.LoadPackageMappings to value: true
305  [JavaFX Application Thread] DEBUG org.exolab.castor.xml.util.resolvers.CastorXMLStrategy  - Setting property: org.exolab.castor.xml.util.ResolverStrategy.useIntrospection to value: true
305  [JavaFX Application Thread] DEBUG org.exolab.castor.xml.util.resolvers.CastorXMLStrategy  - Setting property: org.exolab.castor.xml.util.ResolverStrategy.MappingLoader to value: null
305  [JavaFX Application Thread] DEBUG org.exolab.castor.xml.util.resolvers.CastorXMLStrategy  - Setting property: org.exolab.castor.xml.util.ResolverStrategy.Introspector to value: org.exolab.castor.xml.Introspector@1d03a97c
305  [JavaFX Application Thread] DEBUG org.exolab.castor.xml.util.resolvers.CastorXMLStrategy  - Setting property: org.exolab.castor.xml.util.ResolverStrategy.ClassLoader to value: sun.misc.Launcher$AppClassLoader@18b4aac2
305  [JavaFX Application Thread] DEBUG org.exolab.castor.xml.util.resolvers.CastorXMLStrategy  - Setting property: org.exolab.castor.xml.util.ResolverStrategy.LoadPackageMappings to value: true
305  [JavaFX Application Thread] DEBUG org.exolab.castor.xml.util.resolvers.CastorXMLStrategy  - Setting property: org.exolab.castor.xml.util.ResolverStrategy.useIntrospection to value: true
305  [JavaFX Application Thread] DEBUG org.exolab.castor.xml.util.resolvers.CastorXMLStrategy  - Setting property: org.exolab.castor.xml.util.ResolverStrategy.MappingLoader to value: null
305  [JavaFX Application Thread] DEBUG org.exolab.castor.xml.util.resolvers.CastorXMLStrategy  - Setting property: org.exolab.castor.xml.util.ResolverStrategy.Introspector to value: org.exolab.castor.xml.Introspector@1d03a97c
305  [JavaFX Application Thread] DEBUG org.exolab.castor.xml.util.XMLClassDescriptorResolverImpl$DescriptorCacheImpl  - Get descriptor for: simulator.workload.generator.configuration.PeriodicValidValues found: null
305  [JavaFX Application Thread] DEBUG org.exolab.castor.xml.util.resolvers.AbstractResolverClassCommand  - Now in method: org.exolab.castor.xml.util.resolvers.ByMappingLoader resolving: simulator.workload.generator.configuration.PeriodicValidValues
305  [JavaFX Application Thread] DEBUG org.exolab.castor.xml.util.resolvers.ByMappingLoader  - No mapping loader specified
305  [JavaFX Application Thread] DEBUG org.exolab.castor.xml.util.XMLClassDescriptorResolverImpl$DescriptorCacheImpl  - Called addAllDescriptors with null or empty descriptor map
305  [JavaFX Application Thread] DEBUG org.exolab.castor.xml.util.XMLClassDescriptorResolverImpl$DescriptorCacheImpl  - Get descriptor for: simulator.workload.generator.configuration.PeriodicValidValues found: null
305  [JavaFX Application Thread] DEBUG org.exolab.castor.xml.util.resolvers.AbstractResolverPackageCommand  - Now in resolve method: org.exolab.castor.xml.util.resolvers.ByCDR resolving: simulator.workload.generator.configuration
305  [JavaFX Application Thread] DEBUG org.exolab.castor.xml.util.XMLClassDescriptorResolverImpl$DescriptorCacheImpl  - Called addAllDescriptors with null or empty descriptor map
305  [JavaFX Application Thread] DEBUG org.exolab.castor.xml.util.resolvers.AbstractResolverPackageCommand  - Now in resolve method: org.exolab.castor.xml.util.resolvers.ByPackageMapping resolving: simulator.workload.generator.configuration
305  [JavaFX Application Thread] DEBUG org.exolab.castor.xml.util.XMLClassDescriptorResolverImpl$DescriptorCacheImpl  - Called addAllDescriptors with null or empty descriptor map
305  [JavaFX Application Thread] DEBUG org.exolab.castor.xml.util.XMLClassDescriptorResolverImpl$DescriptorCacheImpl  - Get descriptor for: simulator.workload.generator.configuration.PeriodicValidValues found: null
305  [JavaFX Application Thread] DEBUG org.exolab.castor.xml.util.resolvers.AbstractResolverClassCommand  - Now in method: org.exolab.castor.xml.util.resolvers.ByDescriptorClass resolving: simulator.workload.generator.configuration.PeriodicValidValues
306  [JavaFX Application Thread] DEBUG org.exolab.castor.xml.util.resolvers.ResolveHelpers  - Ignored problem at loading class: simulator.workload.generator.configuration.PeriodicValidValuesDescriptor through class loader: sun.misc.Launcher$AppClassLoader@18b4aac2, exception: java.lang.ClassNotFoundException: simulator.workload.generator.configuration.PeriodicValidValuesDescriptor
307  [JavaFX Application Thread] DEBUG org.exolab.castor.xml.util.resolvers.ByDescriptorClass  - Found descriptor: class simulator.workload.generator.configuration.descriptors.PeriodicValidValuesDescriptor
312  [JavaFX Application Thread] DEBUG org.exolab.castor.xml.util.XMLClassDescriptorResolverImpl$DescriptorCacheImpl  - Adding descriptor class for: simulator.workload.generator.configuration.PeriodicValidValues descriptor: simulator.workload.generator.configuration.descriptors.PeriodicValidValuesDescriptor@1d2f45c8; descriptor for class: [null]; xml name: null
312  [JavaFX Application Thread] DEBUG org.exolab.castor.xml.util.XMLClassDescriptorResolverImpl$DescriptorCacheImpl  - Get descriptor for: simulator.workload.generator.configuration.PeriodicValidValues found: simulator.workload.generator.configuration.descriptors.PeriodicValidValuesDescriptor@1d2f45c8; descriptor for class: [null]; xml name: null
312  [JavaFX Application Thread] DEBUG org.exolab.castor.xml.CharactersProcessor  - #characters: 
     			
312  [JavaFX Application Thread] DEBUG org.exolab.castor.xml.UnmarshalHandler  - #startElement: BeginValidTime
312  [JavaFX Application Thread] DEBUG org.exolab.castor.xml.util.XMLClassDescriptorResolverImpl$DescriptorCacheImpl  - Get descriptor for: java.util.Date found: org.exolab.castor.xml.descriptors.DateClassDescriptor@5976e034; descriptor for class: Date; xml name: date
312  [JavaFX Application Thread] DEBUG org.exolab.castor.xml.util.XMLClassDescriptorResolverImpl$DescriptorCacheImpl  - Get descriptor for: java.util.Date found: org.exolab.castor.xml.descriptors.DateClassDescriptor@5976e034; descriptor for class: Date; xml name: date
312  [JavaFX Application Thread] DEBUG org.exolab.castor.xml.CharactersProcessor  - #characters: 2009-01-15T11:00:00
312  [JavaFX Application Thread] DEBUG org.exolab.castor.xml.EndElementProcessor  - #endElement: BeginValidTime
312  [JavaFX Application Thread] DEBUG org.exolab.castor.xml.CharactersProcessor  - #characters: 
     			
312  [JavaFX Application Thread] DEBUG org.exolab.castor.xml.UnmarshalHandler  - #startElement: EndValidTime
312  [JavaFX Application Thread] DEBUG org.exolab.castor.xml.util.XMLClassDescriptorResolverImpl$DescriptorCacheImpl  - Get descriptor for: java.util.Date found: org.exolab.castor.xml.descriptors.DateClassDescriptor@5976e034; descriptor for class: Date; xml name: date
312  [JavaFX Application Thread] DEBUG org.exolab.castor.xml.util.XMLClassDescriptorResolverImpl$DescriptorCacheImpl  - Get descriptor for: java.util.Date found: org.exolab.castor.xml.descriptors.DateClassDescriptor@5976e034; descriptor for class: Date; xml name: date
312  [JavaFX Application Thread] DEBUG org.exolab.castor.xml.CharactersProcessor  - #characters: 2009-01-15T14:00:00
312  [JavaFX Application Thread] DEBUG org.exolab.castor.xml.EndElementProcessor  - #endElement: EndValidTime
313  [JavaFX Application Thread] DEBUG org.exolab.castor.xml.CharactersProcessor  - #characters: 
   		
313  [JavaFX Application Thread] DEBUG org.exolab.castor.xml.EndElementProcessor  - #endElement: PeriodicValidValues
313  [JavaFX Application Thread] DEBUG org.exolab.castor.xml.CharactersProcessor  - #characters: 
	
313  [JavaFX Application Thread] DEBUG org.exolab.castor.xml.EndElementProcessor  - #endElement: TaskLength
313  [JavaFX Application Thread] DEBUG org.exolab.castor.xml.EndElementProcessor  - #endElement: _randParamsSequence
313  [JavaFX Application Thread] DEBUG org.exolab.castor.xml.EndElementProcessor  - #endElement: TaskLength
313  [JavaFX Application Thread] DEBUG org.exolab.castor.xml.CharactersProcessor  - #characters: 
 
313  [JavaFX Application Thread] DEBUG org.exolab.castor.xml.CharactersProcessor  - #characters: 
	
313  [JavaFX Application Thread] DEBUG org.exolab.castor.xml.UnmarshalHandler  - #startElement: ComputingResourceHostParameter
313  [JavaFX Application Thread] DEBUG org.exolab.castor.xml.util.XMLClassDescriptorResolverImpl$DescriptorCacheImpl  - Get descriptor for: simulator.workload.generator.configuration.ComputingResourceHostParameter found: null
313  [JavaFX Application Thread] DEBUG org.exolab.castor.xml.util.XMLClassDescriptorResolverImpl$DescriptorCacheImpl  - Get descriptor for: simulator.workload.generator.configuration.ComputingResourceHostParameter found: null
313  [JavaFX Application Thread] DEBUG org.exolab.castor.xml.util.resolvers.CastorXMLStrategy  - Setting property: org.exolab.castor.xml.util.ResolverStrategy.LoadPackageMappings to value: true
313  [JavaFX Application Thread] DEBUG org.exolab.castor.xml.util.resolvers.CastorXMLStrategy  - Setting property: org.exolab.castor.xml.util.ResolverStrategy.useIntrospection to value: true
313  [JavaFX Application Thread] DEBUG org.exolab.castor.xml.util.resolvers.CastorXMLStrategy  - Setting property: org.exolab.castor.xml.util.ResolverStrategy.MappingLoader to value: null
313  [JavaFX Application Thread] DEBUG org.exolab.castor.xml.util.resolvers.CastorXMLStrategy  - Setting property: org.exolab.castor.xml.util.ResolverStrategy.Introspector to value: org.exolab.castor.xml.Introspector@1d03a97c
313  [JavaFX Application Thread] DEBUG org.exolab.castor.xml.util.resolvers.CastorXMLStrategy  - Setting property: org.exolab.castor.xml.util.ResolverStrategy.ClassLoader to value: sun.misc.Launcher$AppClassLoader@18b4aac2
313  [JavaFX Application Thread] DEBUG org.exolab.castor.xml.util.resolvers.CastorXMLStrategy  - Setting property: org.exolab.castor.xml.util.ResolverStrategy.LoadPackageMappings to value: true
313  [JavaFX Application Thread] DEBUG org.exolab.castor.xml.util.resolvers.CastorXMLStrategy  - Setting property: org.exolab.castor.xml.util.ResolverStrategy.useIntrospection to value: true
313  [JavaFX Application Thread] DEBUG org.exolab.castor.xml.util.resolvers.CastorXMLStrategy  - Setting property: org.exolab.castor.xml.util.ResolverStrategy.MappingLoader to value: null
313  [JavaFX Application Thread] DEBUG org.exolab.castor.xml.util.resolvers.CastorXMLStrategy  - Setting property: org.exolab.castor.xml.util.ResolverStrategy.Introspector to value: org.exolab.castor.xml.Introspector@1d03a97c
313  [JavaFX Application Thread] DEBUG org.exolab.castor.xml.util.XMLClassDescriptorResolverImpl$DescriptorCacheImpl  - Get descriptor for: simulator.workload.generator.configuration.ComputingResourceHostParameter found: null
313  [JavaFX Application Thread] DEBUG org.exolab.castor.xml.util.resolvers.AbstractResolverClassCommand  - Now in method: org.exolab.castor.xml.util.resolvers.ByMappingLoader resolving: simulator.workload.generator.configuration.ComputingResourceHostParameter
313  [JavaFX Application Thread] DEBUG org.exolab.castor.xml.util.resolvers.ByMappingLoader  - No mapping loader specified
313  [JavaFX Application Thread] DEBUG org.exolab.castor.xml.util.XMLClassDescriptorResolverImpl$DescriptorCacheImpl  - Called addAllDescriptors with null or empty descriptor map
313  [JavaFX Application Thread] DEBUG org.exolab.castor.xml.util.XMLClassDescriptorResolverImpl$DescriptorCacheImpl  - Get descriptor for: simulator.workload.generator.configuration.ComputingResourceHostParameter found: null
313  [JavaFX Application Thread] DEBUG org.exolab.castor.xml.util.resolvers.AbstractResolverPackageCommand  - Now in resolve method: org.exolab.castor.xml.util.resolvers.ByCDR resolving: simulator.workload.generator.configuration
313  [JavaFX Application Thread] DEBUG org.exolab.castor.xml.util.XMLClassDescriptorResolverImpl$DescriptorCacheImpl  - Called addAllDescriptors with null or empty descriptor map
313  [JavaFX Application Thread] DEBUG org.exolab.castor.xml.util.resolvers.AbstractResolverPackageCommand  - Now in resolve method: org.exolab.castor.xml.util.resolvers.ByPackageMapping resolving: simulator.workload.generator.configuration
313  [JavaFX Application Thread] DEBUG org.exolab.castor.xml.util.XMLClassDescriptorResolverImpl$DescriptorCacheImpl  - Called addAllDescriptors with null or empty descriptor map
313  [JavaFX Application Thread] DEBUG org.exolab.castor.xml.util.XMLClassDescriptorResolverImpl$DescriptorCacheImpl  - Get descriptor for: simulator.workload.generator.configuration.ComputingResourceHostParameter found: null
313  [JavaFX Application Thread] DEBUG org.exolab.castor.xml.util.resolvers.AbstractResolverClassCommand  - Now in method: org.exolab.castor.xml.util.resolvers.ByDescriptorClass resolving: simulator.workload.generator.configuration.ComputingResourceHostParameter
314  [JavaFX Application Thread] DEBUG org.exolab.castor.xml.util.resolvers.ResolveHelpers  - Ignored problem at loading class: simulator.workload.generator.configuration.ComputingResourceHostParameterDescriptor through class loader: sun.misc.Launcher$AppClassLoader@18b4aac2, exception: java.lang.ClassNotFoundException: simulator.workload.generator.configuration.ComputingResourceHostParameterDescriptor
314  [JavaFX Application Thread] DEBUG org.exolab.castor.xml.util.resolvers.ByDescriptorClass  - Found descriptor: class simulator.workload.generator.configuration.descriptors.ComputingResourceHostParameterDescriptor
316  [JavaFX Application Thread] DEBUG org.exolab.castor.xml.util.XMLClassDescriptorResolverImpl$DescriptorCacheImpl  - Adding descriptor class for: simulator.workload.generator.configuration.ComputingResourceHostParameter descriptor: simulator.workload.generator.configuration.descriptors.ComputingResourceHostParameterDescriptor@61ef77c9; descriptor for class: [null]; xml name: null
316  [JavaFX Application Thread] DEBUG org.exolab.castor.xml.util.XMLClassDescriptorResolverImpl$DescriptorCacheImpl  - Get descriptor for: simulator.workload.generator.configuration.ComputingResourceHostParameter found: simulator.workload.generator.configuration.descriptors.ComputingResourceHostParameterDescriptor@61ef77c9; descriptor for class: [null]; xml name: null
316  [JavaFX Application Thread] DEBUG org.exolab.castor.xml.CharactersProcessor  - #characters: 
		
316  [JavaFX Application Thread] DEBUG org.exolab.castor.xml.UnmarshalHandler  - #startElement: value
316  [JavaFX Application Thread] DEBUG org.exolab.castor.xml.util.XMLClassDescriptorResolverImpl$DescriptorCacheImpl  - Get descriptor for: simulator.workload.generator.configuration.Value found: null
316  [JavaFX Application Thread] DEBUG org.exolab.castor.xml.util.XMLClassDescriptorResolverImpl$DescriptorCacheImpl  - Get descriptor for: simulator.workload.generator.configuration.Value found: null
316  [JavaFX Application Thread] DEBUG org.exolab.castor.xml.util.resolvers.CastorXMLStrategy  - Setting property: org.exolab.castor.xml.util.ResolverStrategy.LoadPackageMappings to value: true
316  [JavaFX Application Thread] DEBUG org.exolab.castor.xml.util.resolvers.CastorXMLStrategy  - Setting property: org.exolab.castor.xml.util.ResolverStrategy.useIntrospection to value: true
316  [JavaFX Application Thread] DEBUG org.exolab.castor.xml.util.resolvers.CastorXMLStrategy  - Setting property: org.exolab.castor.xml.util.ResolverStrategy.MappingLoader to value: null
316  [JavaFX Application Thread] DEBUG org.exolab.castor.xml.util.resolvers.CastorXMLStrategy  - Setting property: org.exolab.castor.xml.util.ResolverStrategy.Introspector to value: org.exolab.castor.xml.Introspector@1d03a97c
316  [JavaFX Application Thread] DEBUG org.exolab.castor.xml.util.resolvers.CastorXMLStrategy  - Setting property: org.exolab.castor.xml.util.ResolverStrategy.ClassLoader to value: sun.misc.Launcher$AppClassLoader@18b4aac2
316  [JavaFX Application Thread] DEBUG org.exolab.castor.xml.util.resolvers.CastorXMLStrategy  - Setting property: org.exolab.castor.xml.util.ResolverStrategy.LoadPackageMappings to value: true
316  [JavaFX Application Thread] DEBUG org.exolab.castor.xml.util.resolvers.CastorXMLStrategy  - Setting property: org.exolab.castor.xml.util.ResolverStrategy.useIntrospection to value: true
316  [JavaFX Application Thread] DEBUG org.exolab.castor.xml.util.resolvers.CastorXMLStrategy  - Setting property: org.exolab.castor.xml.util.ResolverStrategy.MappingLoader to value: null
316  [JavaFX Application Thread] DEBUG org.exolab.castor.xml.util.resolvers.CastorXMLStrategy  - Setting property: org.exolab.castor.xml.util.ResolverStrategy.Introspector to value: org.exolab.castor.xml.Introspector@1d03a97c
316  [JavaFX Application Thread] DEBUG org.exolab.castor.xml.util.XMLClassDescriptorResolverImpl$DescriptorCacheImpl  - Get descriptor for: simulator.workload.generator.configuration.Value found: null
317  [JavaFX Application Thread] DEBUG org.exolab.castor.xml.util.resolvers.AbstractResolverClassCommand  - Now in method: org.exolab.castor.xml.util.resolvers.ByMappingLoader resolving: simulator.workload.generator.configuration.Value
317  [JavaFX Application Thread] DEBUG org.exolab.castor.xml.util.resolvers.ByMappingLoader  - No mapping loader specified
317  [JavaFX Application Thread] DEBUG org.exolab.castor.xml.util.XMLClassDescriptorResolverImpl$DescriptorCacheImpl  - Called addAllDescriptors with null or empty descriptor map
317  [JavaFX Application Thread] DEBUG org.exolab.castor.xml.util.XMLClassDescriptorResolverImpl$DescriptorCacheImpl  - Get descriptor for: simulator.workload.generator.configuration.Value found: null
317  [JavaFX Application Thread] DEBUG org.exolab.castor.xml.util.resolvers.AbstractResolverPackageCommand  - Now in resolve method: org.exolab.castor.xml.util.resolvers.ByCDR resolving: simulator.workload.generator.configuration
317  [JavaFX Application Thread] DEBUG org.exolab.castor.xml.util.XMLClassDescriptorResolverImpl$DescriptorCacheImpl  - Called addAllDescriptors with null or empty descriptor map
317  [JavaFX Application Thread] DEBUG org.exolab.castor.xml.util.resolvers.AbstractResolverPackageCommand  - Now in resolve method: org.exolab.castor.xml.util.resolvers.ByPackageMapping resolving: simulator.workload.generator.configuration
317  [JavaFX Application Thread] DEBUG org.exolab.castor.xml.util.XMLClassDescriptorResolverImpl$DescriptorCacheImpl  - Called addAllDescriptors with null or empty descriptor map
317  [JavaFX Application Thread] DEBUG org.exolab.castor.xml.util.XMLClassDescriptorResolverImpl$DescriptorCacheImpl  - Get descriptor for: simulator.workload.generator.configuration.Value found: null
317  [JavaFX Application Thread] DEBUG org.exolab.castor.xml.util.resolvers.AbstractResolverClassCommand  - Now in method: org.exolab.castor.xml.util.resolvers.ByDescriptorClass resolving: simulator.workload.generator.configuration.Value
317  [JavaFX Application Thread] DEBUG org.exolab.castor.xml.util.resolvers.ResolveHelpers  - Ignored problem at loading class: simulator.workload.generator.configuration.ValueDescriptor through class loader: sun.misc.Launcher$AppClassLoader@18b4aac2, exception: java.lang.ClassNotFoundException: simulator.workload.generator.configuration.ValueDescriptor
318  [JavaFX Application Thread] DEBUG org.exolab.castor.xml.util.resolvers.ByDescriptorClass  - Found descriptor: class simulator.workload.generator.configuration.descriptors.ValueDescriptor
318  [JavaFX Application Thread] DEBUG org.exolab.castor.xml.util.XMLClassDescriptorResolverImpl$DescriptorCacheImpl  - Adding descriptor class for: simulator.workload.generator.configuration.Value descriptor: simulator.workload.generator.configuration.descriptors.ValueDescriptor@2a07c823; descriptor for class: [null]; xml name: null
318  [JavaFX Application Thread] DEBUG org.exolab.castor.xml.util.XMLClassDescriptorResolverImpl$DescriptorCacheImpl  - Get descriptor for: simulator.workload.generator.configuration.Value found: simulator.workload.generator.configuration.descriptors.ValueDescriptor@2a07c823; descriptor for class: [null]; xml name: null
318  [JavaFX Application Thread] DEBUG org.exolab.castor.xml.CharactersProcessor  - #characters: 
	  		
318  [JavaFX Application Thread] DEBUG org.exolab.castor.xml.UnmarshalHandler  - #startElement: MultiDistribution
318  [JavaFX Application Thread] DEBUG org.exolab.castor.xml.util.XMLClassDescriptorResolverImpl$DescriptorCacheImpl  - Get descriptor for: simulator.workload.generator.configuration.MultiDistribution found: null
318  [JavaFX Application Thread] DEBUG org.exolab.castor.xml.util.XMLClassDescriptorResolverImpl$DescriptorCacheImpl  - Get descriptor for: simulator.workload.generator.configuration.MultiDistribution found: null
318  [JavaFX Application Thread] DEBUG org.exolab.castor.xml.util.resolvers.CastorXMLStrategy  - Setting property: org.exolab.castor.xml.util.ResolverStrategy.LoadPackageMappings to value: true
319  [JavaFX Application Thread] DEBUG org.exolab.castor.xml.util.resolvers.CastorXMLStrategy  - Setting property: org.exolab.castor.xml.util.ResolverStrategy.useIntrospection to value: true
319  [JavaFX Application Thread] DEBUG org.exolab.castor.xml.util.resolvers.CastorXMLStrategy  - Setting property: org.exolab.castor.xml.util.ResolverStrategy.MappingLoader to value: null
319  [JavaFX Application Thread] DEBUG org.exolab.castor.xml.util.resolvers.CastorXMLStrategy  - Setting property: org.exolab.castor.xml.util.ResolverStrategy.Introspector to value: org.exolab.castor.xml.Introspector@1d03a97c
319  [JavaFX Application Thread] DEBUG org.exolab.castor.xml.util.resolvers.CastorXMLStrategy  - Setting property: org.exolab.castor.xml.util.ResolverStrategy.ClassLoader to value: sun.misc.Launcher$AppClassLoader@18b4aac2
319  [JavaFX Application Thread] DEBUG org.exolab.castor.xml.util.resolvers.CastorXMLStrategy  - Setting property: org.exolab.castor.xml.util.ResolverStrategy.LoadPackageMappings to value: true
319  [JavaFX Application Thread] DEBUG org.exolab.castor.xml.util.resolvers.CastorXMLStrategy  - Setting property: org.exolab.castor.xml.util.ResolverStrategy.useIntrospection to value: true
319  [JavaFX Application Thread] DEBUG org.exolab.castor.xml.util.resolvers.CastorXMLStrategy  - Setting property: org.exolab.castor.xml.util.ResolverStrategy.MappingLoader to value: null
319  [JavaFX Application Thread] DEBUG org.exolab.castor.xml.util.resolvers.CastorXMLStrategy  - Setting property: org.exolab.castor.xml.util.ResolverStrategy.Introspector to value: org.exolab.castor.xml.Introspector@1d03a97c
319  [JavaFX Application Thread] DEBUG org.exolab.castor.xml.util.XMLClassDescriptorResolverImpl$DescriptorCacheImpl  - Get descriptor for: simulator.workload.generator.configuration.MultiDistribution found: null
319  [JavaFX Application Thread] DEBUG org.exolab.castor.xml.util.resolvers.AbstractResolverClassCommand  - Now in method: org.exolab.castor.xml.util.resolvers.ByMappingLoader resolving: simulator.workload.generator.configuration.MultiDistribution
319  [JavaFX Application Thread] DEBUG org.exolab.castor.xml.util.resolvers.ByMappingLoader  - No mapping loader specified
319  [JavaFX Application Thread] DEBUG org.exolab.castor.xml.util.XMLClassDescriptorResolverImpl$DescriptorCacheImpl  - Called addAllDescriptors with null or empty descriptor map
319  [JavaFX Application Thread] DEBUG org.exolab.castor.xml.util.XMLClassDescriptorResolverImpl$DescriptorCacheImpl  - Get descriptor for: simulator.workload.generator.configuration.MultiDistribution found: null
319  [JavaFX Application Thread] DEBUG org.exolab.castor.xml.util.resolvers.AbstractResolverPackageCommand  - Now in resolve method: org.exolab.castor.xml.util.resolvers.ByCDR resolving: simulator.workload.generator.configuration
319  [JavaFX Application Thread] DEBUG org.exolab.castor.xml.util.XMLClassDescriptorResolverImpl$DescriptorCacheImpl  - Called addAllDescriptors with null or empty descriptor map
319  [JavaFX Application Thread] DEBUG org.exolab.castor.xml.util.resolvers.AbstractResolverPackageCommand  - Now in resolve method: org.exolab.castor.xml.util.resolvers.ByPackageMapping resolving: simulator.workload.generator.configuration
319  [JavaFX Application Thread] DEBUG org.exolab.castor.xml.util.XMLClassDescriptorResolverImpl$DescriptorCacheImpl  - Called addAllDescriptors with null or empty descriptor map
319  [JavaFX Application Thread] DEBUG org.exolab.castor.xml.util.XMLClassDescriptorResolverImpl$DescriptorCacheImpl  - Get descriptor for: simulator.workload.generator.configuration.MultiDistribution found: null
319  [JavaFX Application Thread] DEBUG org.exolab.castor.xml.util.resolvers.AbstractResolverClassCommand  - Now in method: org.exolab.castor.xml.util.resolvers.ByDescriptorClass resolving: simulator.workload.generator.configuration.MultiDistribution
319  [JavaFX Application Thread] DEBUG org.exolab.castor.xml.util.resolvers.ResolveHelpers  - Ignored problem at loading class: simulator.workload.generator.configuration.MultiDistributionDescriptor through class loader: sun.misc.Launcher$AppClassLoader@18b4aac2, exception: java.lang.ClassNotFoundException: simulator.workload.generator.configuration.MultiDistributionDescriptor
320  [JavaFX Application Thread] DEBUG org.exolab.castor.xml.util.resolvers.ByDescriptorClass  - Found descriptor: class simulator.workload.generator.configuration.descriptors.MultiDistributionDescriptor
322  [JavaFX Application Thread] DEBUG org.exolab.castor.xml.util.XMLClassDescriptorResolverImpl$DescriptorCacheImpl  - Adding descriptor class for: simulator.workload.generator.configuration.MultiDistribution descriptor: simulator.workload.generator.configuration.descriptors.MultiDistributionDescriptor@14494f58; descriptor for class: [null]; xml name: null
322  [JavaFX Application Thread] DEBUG org.exolab.castor.xml.util.XMLClassDescriptorResolverImpl$DescriptorCacheImpl  - Get descriptor for: simulator.workload.generator.configuration.MultiDistribution found: simulator.workload.generator.configuration.descriptors.MultiDistributionDescriptor@14494f58; descriptor for class: [null]; xml name: null
322  [JavaFX Application Thread] DEBUG org.exolab.castor.xml.CharactersProcessor  - #characters: 
      			
322  [JavaFX Application Thread] DEBUG org.exolab.castor.xml.UnmarshalHandler  - #startElement: dist
322  [JavaFX Application Thread] DEBUG org.exolab.castor.xml.util.XMLClassDescriptorResolverImpl$DescriptorCacheImpl  - Get descriptor for: simulator.workload.generator.configuration.Dist found: null
322  [JavaFX Application Thread] DEBUG org.exolab.castor.xml.util.XMLClassDescriptorResolverImpl$DescriptorCacheImpl  - Get descriptor for: simulator.workload.generator.configuration.Dist found: null
322  [JavaFX Application Thread] DEBUG org.exolab.castor.xml.util.resolvers.CastorXMLStrategy  - Setting property: org.exolab.castor.xml.util.ResolverStrategy.LoadPackageMappings to value: true
322  [JavaFX Application Thread] DEBUG org.exolab.castor.xml.util.resolvers.CastorXMLStrategy  - Setting property: org.exolab.castor.xml.util.ResolverStrategy.useIntrospection to value: true
322  [JavaFX Application Thread] DEBUG org.exolab.castor.xml.util.resolvers.CastorXMLStrategy  - Setting property: org.exolab.castor.xml.util.ResolverStrategy.MappingLoader to value: null
322  [JavaFX Application Thread] DEBUG org.exolab.castor.xml.util.resolvers.CastorXMLStrategy  - Setting property: org.exolab.castor.xml.util.ResolverStrategy.Introspector to value: org.exolab.castor.xml.Introspector@1d03a97c
322  [JavaFX Application Thread] DEBUG org.exolab.castor.xml.util.resolvers.CastorXMLStrategy  - Setting property: org.exolab.castor.xml.util.ResolverStrategy.ClassLoader to value: sun.misc.Launcher$AppClassLoader@18b4aac2
322  [JavaFX Application Thread] DEBUG org.exolab.castor.xml.util.resolvers.CastorXMLStrategy  - Setting property: org.exolab.castor.xml.util.ResolverStrategy.LoadPackageMappings to value: true
322  [JavaFX Application Thread] DEBUG org.exolab.castor.xml.util.resolvers.CastorXMLStrategy  - Setting property: org.exolab.castor.xml.util.ResolverStrategy.useIntrospection to value: true
322  [JavaFX Application Thread] DEBUG org.exolab.castor.xml.util.resolvers.CastorXMLStrategy  - Setting property: org.exolab.castor.xml.util.ResolverStrategy.MappingLoader to value: null
322  [JavaFX Application Thread] DEBUG org.exolab.castor.xml.util.resolvers.CastorXMLStrategy  - Setting property: org.exolab.castor.xml.util.ResolverStrategy.Introspector to value: org.exolab.castor.xml.Introspector@1d03a97c
322  [JavaFX Application Thread] DEBUG org.exolab.castor.xml.util.XMLClassDescriptorResolverImpl$DescriptorCacheImpl  - Get descriptor for: simulator.workload.generator.configuration.Dist found: null
322  [JavaFX Application Thread] DEBUG org.exolab.castor.xml.util.resolvers.AbstractResolverClassCommand  - Now in method: org.exolab.castor.xml.util.resolvers.ByMappingLoader resolving: simulator.workload.generator.configuration.Dist
322  [JavaFX Application Thread] DEBUG org.exolab.castor.xml.util.resolvers.ByMappingLoader  - No mapping loader specified
322  [JavaFX Application Thread] DEBUG org.exolab.castor.xml.util.XMLClassDescriptorResolverImpl$DescriptorCacheImpl  - Called addAllDescriptors with null or empty descriptor map
322  [JavaFX Application Thread] DEBUG org.exolab.castor.xml.util.XMLClassDescriptorResolverImpl$DescriptorCacheImpl  - Get descriptor for: simulator.workload.generator.configuration.Dist found: null
322  [JavaFX Application Thread] DEBUG org.exolab.castor.xml.util.resolvers.AbstractResolverPackageCommand  - Now in resolve method: org.exolab.castor.xml.util.resolvers.ByCDR resolving: simulator.workload.generator.configuration
323  [JavaFX Application Thread] DEBUG org.exolab.castor.xml.util.XMLClassDescriptorResolverImpl$DescriptorCacheImpl  - Called addAllDescriptors with null or empty descriptor map
323  [JavaFX Application Thread] DEBUG org.exolab.castor.xml.util.resolvers.AbstractResolverPackageCommand  - Now in resolve method: org.exolab.castor.xml.util.resolvers.ByPackageMapping resolving: simulator.workload.generator.configuration
323  [JavaFX Application Thread] DEBUG org.exolab.castor.xml.util.XMLClassDescriptorResolverImpl$DescriptorCacheImpl  - Called addAllDescriptors with null or empty descriptor map
323  [JavaFX Application Thread] DEBUG org.exolab.castor.xml.util.XMLClassDescriptorResolverImpl$DescriptorCacheImpl  - Get descriptor for: simulator.workload.generator.configuration.Dist found: null
323  [JavaFX Application Thread] DEBUG org.exolab.castor.xml.util.resolvers.AbstractResolverClassCommand  - Now in method: org.exolab.castor.xml.util.resolvers.ByDescriptorClass resolving: simulator.workload.generator.configuration.Dist
323  [JavaFX Application Thread] DEBUG org.exolab.castor.xml.util.resolvers.ResolveHelpers  - Ignored problem at loading class: simulator.workload.generator.configuration.DistDescriptor through class loader: sun.misc.Launcher$AppClassLoader@18b4aac2, exception: java.lang.ClassNotFoundException: simulator.workload.generator.configuration.DistDescriptor
324  [JavaFX Application Thread] DEBUG org.exolab.castor.xml.util.resolvers.ByDescriptorClass  - Found descriptor: class simulator.workload.generator.configuration.descriptors.DistDescriptor
329  [JavaFX Application Thread] DEBUG org.exolab.castor.xml.util.XMLClassDescriptorResolverImpl$DescriptorCacheImpl  - Adding descriptor class for: simulator.workload.generator.configuration.Dist descriptor: simulator.workload.generator.configuration.descriptors.DistDescriptor@7edc6511; descriptor for class: [null]; xml name: null
329  [JavaFX Application Thread] DEBUG org.exolab.castor.xml.util.XMLClassDescriptorResolverImpl$DescriptorCacheImpl  - Get descriptor for: simulator.workload.generator.configuration.Dist found: simulator.workload.generator.configuration.descriptors.DistDescriptor@7edc6511; descriptor for class: [null]; xml name: null
329  [JavaFX Application Thread] DEBUG org.exolab.castor.xml.CharactersProcessor  - #characters: 0.95
329  [JavaFX Application Thread] DEBUG org.exolab.castor.xml.EndElementProcessor  - #endElement: dist
329  [JavaFX Application Thread] DEBUG org.exolab.castor.xml.CharactersProcessor  - #characters: 
     		 	
330  [JavaFX Application Thread] DEBUG org.exolab.castor.xml.UnmarshalHandler  - #startElement: dist
330  [JavaFX Application Thread] DEBUG org.exolab.castor.xml.util.XMLClassDescriptorResolverImpl$DescriptorCacheImpl  - Get descriptor for: simulator.workload.generator.configuration.Dist found: simulator.workload.generator.configuration.descriptors.DistDescriptor@7edc6511; descriptor for class: [null]; xml name: null
330  [JavaFX Application Thread] DEBUG org.exolab.castor.xml.util.XMLClassDescriptorResolverImpl$DescriptorCacheImpl  - Get descriptor for: simulator.workload.generator.configuration.Dist found: simulator.workload.generator.configuration.descriptors.DistDescriptor@7edc6511; descriptor for class: [null]; xml name: null
330  [JavaFX Application Thread] DEBUG org.exolab.castor.xml.CharactersProcessor  - #characters: 0.05
330  [JavaFX Application Thread] DEBUG org.exolab.castor.xml.EndElementProcessor  - #endElement: dist
330  [JavaFX Application Thread] DEBUG org.exolab.castor.xml.CharactersProcessor  - #characters: 
   			
330  [JavaFX Application Thread] DEBUG org.exolab.castor.xml.EndElementProcessor  - #endElement: MultiDistribution
330  [JavaFX Application Thread] DEBUG org.exolab.castor.xml.CharactersProcessor  - #characters: 
   		
330  [JavaFX Application Thread] DEBUG org.exolab.castor.xml.EndElementProcessor  - #endElement: value
330  [JavaFX Application Thread] DEBUG org.exolab.castor.xml.CharactersProcessor  - #characters: 	
330  [JavaFX Application Thread] DEBUG org.exolab.castor.xml.CharactersProcessor  - #characters: 
	
330  [JavaFX Application Thread] DEBUG org.exolab.castor.xml.EndElementProcessor  - #endElement: ComputingResourceHostParameter
330  [JavaFX Application Thread] DEBUG org.exolab.castor.xml.CharactersProcessor  - #characters: 
 
330  [JavaFX Application Thread] DEBUG org.exolab.castor.xml.CharactersProcessor  - #characters: 

330  [JavaFX Application Thread] DEBUG org.exolab.castor.xml.EndElementProcessor  - #endElement: tns:WorkloadConfiguration
340  [JavaFX Application Thread] DEBUG controller.workload.generator.factory.JobRandomNubersFactory  - Creating genrator for JobCount. Generator id: 1905588409
342  [JavaFX Application Thread] DEBUG controller.workload.generator.factory.JobRandomNubersFactory  - Creating genrator for TaskCount range.min. Generator id: 116756035
342  [JavaFX Application Thread] DEBUG controller.workload.generator.factory.JobRandomNubersFactory  - Creating genrator for TaskLength range.min. Generator id: 529898169
343  [JavaFX Application Thread] DEBUG controller.workload.generator.factory.JobRandomNubersFactory  - Creating genrator for JobInterval range.min. Generator id: 518361275
345  [JavaFX Application Thread] DEBUG controller.workload.generator.factory.JobRandomNubersFactory  - Creating genrator for JobPackageLength range.min. Generator id: 710802939
345  [JavaFX Application Thread] DEBUG controller.workload.generator.factory.JobRandomNubersFactory  - Creating genrator for cpucount 0 value. Generator id: 942019273
